19-06-2024 19:39:14 Add: Dracula 10
19-06-2024 19:39:29 Add: Frankenstein 10
19-06-2024 19:41:50 Add: Frankenstein 10
19-06-2024 19:42:22 Add: Frankenstein 10
19-06-2024 19:43:07 Add: Frankenstein 10
19-06-2024 19:53:38 Add: Halloween 10
19-06-2024 19:54:31 Add: Friday the 13th 10
19-06-2024 19:55:01 Rent: Friday the 13th 9
17-07-2024 19:16:51 Rent: Frankenstein 9
17-07-2024 19:18:16 Return: Frankenstein 10
17-07-2024 19:18:30 Rent: Friday the 13th 8
17-07-2024 19:18:40 Return: Friday the 13th 9
17-07-2024 19:18:56 Return: Friday the 13th 10
17-07-2024 19:19:45 Add: The Conjuring 10
17-07-2024 19:19:59 Remove:The Conjuring
17-07-2024 19:23:08 Add: The Conjuring 10
17-07-2024 19:23:57 Remove:The Conjuring
18-07-2024 15:12:59 Add: The Conjuring 10
22-07-2024 19:16:55 Rent: Frankenstein 9
22-07-2024 19:17:29 Rent: Frankenstein 8
22-07-2024 20:17:36 Rent: Dracula 9
22-07-2024 20:17:56 Return: Dracula 10
22-07-2024 20:18:04 Return: Dracula 10
22-07-2024 20:21:26 Rent: Dracula 9
22-07-2024 20:24:41 Rent: Halloween 9
29-07-2024 19:31:02 Rent: Test Movie 0
30-07-2024 19:09:04 AddCopies: Test Movie 2 1
30-07-2024 19:09:24 RemoveCopies: Test Movie 1 1
30-07-2024 19:09:26 Rent: Test Movie 0
30-07-2024 19:09:26 Return: Test Movie 1
30-07-2024 19:09:26 setQuantity: Test Movie 10
30-07-2024 19:09:30 Remove:Test Movie
30-07-2024 19:13:31 Add: Test Movie 1
30-07-2024 19:13:39 AddCopies: Test Movie 2 1
30-07-2024 19:13:53 Add: Test Movie 1
30-07-2024 19:13:55 AddCopies: Test Movie 2 1
30-07-2024 19:13:55 RemoveCopies: Test Movie 1 1
30-07-2024 19:13:55 Rent: Test Movie 0
30-07-2024 19:13:55 Return: Test Movie 1
30-07-2024 19:13:55 setQuantity: Test Movie 10
30-07-2024 19:15:50 Add: Test Movie 1
30-07-2024 19:15:54 AddCopies: Test Movie 2 1
30-07-2024 19:16:05 RemoveCopies: Test Movie 1 1
30-07-2024 19:16:05 Rent: Test Movie 0
30-07-2024 19:16:05 Return: Test Movie 1
30-07-2024 19:16:05 setQuantity: Test Movie 10
30-07-2024 19:16:06 Remove:Test Movie
30-07-2024 19:16:35 Add: Test Movie 1
30-07-2024 19:16:38 AddCopies: Test Movie 2 1
30-07-2024 19:16:38 RemoveCopies: Test Movie 1 1
30-07-2024 19:16:38 Rent: Test Movie 0
30-07-2024 19:16:38 Return: Test Movie 1
30-07-2024 19:16:38 setQuantity: Test Movie 10
30-07-2024 19:16:38 Remove:Test Movie
30-07-2024 19:16:41 Add: Test Movie 1
30-07-2024 19:16:41 AddCopies: Test Movie 2 1
30-07-2024 19:16:41 RemoveCopies: Test Movie 1 1
30-07-2024 19:16:41 Rent: Test Movie 0
30-07-2024 19:16:41 Return: Test Movie 1
30-07-2024 19:16:41 setQuantity: Test Movie 10
30-07-2024 19:16:41 Remove:Test Movie
30-07-2024 19:18:00 Add: Test Movie 1
30-07-2024 19:18:08 AddCopies: Test Movie 2 1
30-07-2024 19:18:18 RemoveCopies: Test Movie 1 1
30-07-2024 19:18:22 Rent: Test Movie 0
30-07-2024 19:18:31 Return: Test Movie 1
30-07-2024 19:18:37 setQuantity: Test Movie 10
30-07-2024 19:18:41 Remove:Test Movie
